<?xml version="1.0" encoding="UTF-8"?>
<testsuite xmlns:xsi="http://www.w3.org/2001/XMLSchema-instance" xsi:noNamespaceSchemaLocation="https://maven.apache.org/surefire/maven-surefire-plugin/xsd/surefire-test-report-3.0.xsd" version="3.0" name="assignment2.carehome.CareHomeServiceTest" time="0.181" tests="6" errors="0" skipped="0" failures="0">
  <properties>
[...]
</properties>
  <testcase name="doctorAddsPrescription_onlyDoctorAndRostered" classname="assignment2.carehome.CareHomeServiceTest" time="0.065"/>
  <testcase name="administer_logsAndRequiresRoster" classname="assignment2.carehome.CareHomeServiceTest" time="0.079"/>
  <testcase name="addResidentToOccupiedBed_throws" classname="assignment2.carehome.CareHomeServiceTest" time="0.002"/>
  <testcase name="nurseMovesResident_onlyNurseAndRostered" classname="assignment2.carehome.CareHomeServiceTest" time="0.002"/>
  <testcase name="modifyStaffPassword_ok" classname="assignment2.carehome.CareHomeServiceTest" time="0.001"/>
  <testcase name="addResidentToVacantBed_ok" classname="assignment2.carehome.CareHomeServiceTest" time="0.002"/>
</testsuite>